<?xml version="1.0" encoding="UTF-8"?>
<testng-results ignored="0" total="3" passed="3" failed="0" skipped="0">
  <reporter-output>
  </reporter-output>
  <suite started-at="2019-11-25T15:47:28Z" name="My suite" finished-at="2019-11-25T15:47:28Z" duration-ms="0">
    <groups>
    </groups>
  </suite> <!-- My suite -->
  <suite started-at="2019-11-25T15:43:36Z" name="Portfolio Suite" finished-at="2019-11-25T15:47:28Z" duration-ms="231527">
    <groups>
    </groups>
    <test started-at="2019-11-25T15:43:36Z" name="Login Test" finished-at="2019-11-25T15:45:32Z" duration-ms="115556">
      <class name="AutomationFrameworks.testcases.supportsuite.LoginTest">
        <test-method is-config="true" signature="init()[pri:0, instance:AutomationFrameworks.testcases.supportsuite.LoginTest@233fe9b6]" started-at="2019-11-25T15:43:36Z" name="init" finished-at="2019-11-25T15:43:37Z" duration-ms="1077" status="PASS">
          <reporter-output>
          </reporter-output>
        </test-method> <!-- init -->
        <test-method is-config="true" signature="initTest()[pri:0, instance:AutomationFrameworks.testcases.supportsuite.LoginTest@233fe9b6]" started-at="2019-11-25T15:43:37Z" name="initTest" finished-at="2019-11-25T15:43:37Z" duration-ms="209" status="PASS">
          <reporter-output>
          </reporter-output>
        </test-method> <!-- initTest -->
        <test-method signature="loginTest(java.util.Hashtable)[pri:0, instance:AutomationFrameworks.testcases.supportsuite.LoginTest@233fe9b6]" started-at="2019-11-25T15:43:37Z" name="loginTest" data-provider="getData" finished-at="2019-11-25T15:45:31Z" duration-ms="113400" status="PASS">
          <params>
            <param index="0">
              <value>
                <![CDATA[{Username=chaitra.jagirdar7@gmail.com, TimeOut=5, ExpectedResult=Loginsuccess, Password=Pasword1234, Runmode=Y, Browser=Chrome}]]>
              </value>
            </param>
          </params>
          <reporter-output>
          </reporter-output>
        </test-method> <!-- loginTest -->
        <test-method is-config="true" signature="quit()[pri:0, instance:AutomationFrameworks.testcases.supportsuite.LoginTest@233fe9b6]" started-at="2019-11-25T15:45:31Z" name="quit" finished-at="2019-11-25T15:45:32Z" duration-ms="850" status="PASS">
          <reporter-output>
          </reporter-output>
        </test-method> <!-- quit -->
      </class> <!-- AutomationFrameworks.testcases.supportsuite.LoginTest -->
    </test> <!-- Login Test -->
    <test started-at="2019-11-25T15:43:36Z" name="Support Test" finished-at="2019-11-25T15:47:28Z" duration-ms="231527">
      <class name="AutomationFrameworks.testcases.supportsuite.SupportTest">
        <test-method is-config="true" signature="init()[pri:0, instance:AutomationFrameworks.testcases.supportsuite.SupportTest@43301423]" started-at="2019-11-25T15:43:36Z" name="init" finished-at="2019-11-25T15:43:37Z" duration-ms="957" status="PASS">
          <reporter-output>
          </reporter-output>
        </test-method> <!-- init -->
        <test-method is-config="true" signature="initTest()[pri:0, instance:AutomationFrameworks.testcases.supportsuite.SupportTest@43301423]" started-at="2019-11-25T15:43:37Z" name="initTest" finished-at="2019-11-25T15:43:37Z" duration-ms="296" status="PASS">
          <reporter-output>
          </reporter-output>
        </test-method> <!-- initTest -->
        <test-method signature="loginTest(java.util.Hashtable)[pri:1, instance:AutomationFrameworks.testcases.supportsuite.SupportTest@43301423]" started-at="2019-11-25T15:43:37Z" name="loginTest" data-provider="getData" finished-at="2019-11-25T15:45:22Z" duration-ms="104489" status="PASS">
          <params>
            <param index="0">
              <value>
                <![CDATA[{Username=chaitra.jagirdar7@gmail.com, TimeOut=5, ExpectedResult=Loginsuccess, Password=Pasword1234, Runmode=Y, Browser=Chrome}]]>
              </value>
            </param>
          </params>
          <reporter-output>
          </reporter-output>
        </test-method> <!-- loginTest -->
        <test-method is-config="true" signature="quit()[pri:0, instance:AutomationFrameworks.testcases.supportsuite.SupportTest@43301423]" started-at="2019-11-25T15:45:22Z" name="quit" finished-at="2019-11-25T15:45:23Z" duration-ms="1648" status="PASS">
          <reporter-output>
          </reporter-output>
        </test-method> <!-- quit -->
        <test-method is-config="true" signature="initTest()[pri:0, instance:AutomationFrameworks.testcases.supportsuite.SupportTest@43301423]" started-at="2019-11-25T15:45:23Z" name="initTest" finished-at="2019-11-25T15:45:23Z" duration-ms="0" status="PASS">
          <reporter-output>
          </reporter-output>
        </test-method> <!-- initTest -->
        <test-method signature="navigateTest(java.util.Hashtable)[pri:2, instance:AutomationFrameworks.testcases.supportsuite.SupportTest@43301423]" started-at="2019-11-25T15:45:23Z" name="navigateTest" data-provider="getData" finished-at="2019-11-25T15:47:27Z" depends-on-methods="AutomationFrameworks.testcases.supportsuite.SupportTest.loginTest" duration-ms="123180" status="PASS">
          <params>
            <param index="0">
              <value>
                <![CDATA[{Username=chaitra.jagirdar7@gmail.com, premiumtab=https://www.kidsinthehouse.com/go-premium-to-view, Runmode=Y, topVideos=https://www.kidsinthehouse.com/playlists, TimeOut=10, Password=Pasword1234, ExpectedResult=Loginsuccess, Browser=Chrome, parent2parenttab=https://www.kidsinthehouse.com/forum}]]>
              </value>
            </param>
          </params>
          <reporter-output>
          </reporter-output>
        </test-method> <!-- navigateTest -->
        <test-method is-config="true" signature="quit()[pri:0, instance:AutomationFrameworks.testcases.supportsuite.SupportTest@43301423]" started-at="2019-11-25T15:47:27Z" name="quit" finished-at="2019-11-25T15:47:28Z" duration-ms="894" status="PASS">
          <reporter-output>
          </reporter-output>
        </test-method> <!-- quit -->
      </class> <!-- AutomationFrameworks.testcases.supportsuite.SupportTest -->
    </test> <!-- Support Test -->
  </suite> <!-- Portfolio Suite -->
</testng-results>
