<?xml version="1.0" encoding="UTF-8"?>
<!-- Generated by org.testng.reporters.JUnitXMLReporter -->
<testsuite ignored="0" hostname="DELL-PC" failures="0" tests="2" name="Support Test" time="231.527" errors="0" timestamp="25 Nov 2019 15:47:28 GMT">
  <testcase classname="AutomationFrameworks.testcases.supportsuite.SupportTest" name="loginTest" time="104.489"/>
  <testcase classname="AutomationFrameworks.testcases.supportsuite.SupportTest" name="navigateTest" time="123.18"/>
</testsuite> <!-- Support Test -->
