<?xml version="1.0" encoding="UTF-8"?>
<!-- Generated by org.testng.reporters.JUnitXMLReporter -->
<testsuite ignored="0" hostname="DELL-PC" failures="0" tests="2" name="Default test" time="183.671" errors="0" timestamp="25 Nov 2019 15:35:05 GMT">
  <testcase classname="AutomationFrameworks.testcases.supportsuite.SupportTest" name="loginTest" time="60.206"/>
  <testcase classname="AutomationFrameworks.testcases.supportsuite.SupportTest" name="navigateTest" time="120.32"/>
</testsuite> <!-- Default test -->
