<?xml version="1.0" encoding="UTF-8"?>
<testng-results skipped="0" failed="0" total="1" passed="1">
  <reporter-output>
  </reporter-output>
  <suite name="Command line suite" duration-ms="64" started-at="2017-01-26T01:24:56Z" finished-at="2017-01-26T01:24:56Z">
    <groups>
    </groups>
    <test name="Command line test" duration-ms="64" started-at="2017-01-26T01:24:56Z" finished-at="2017-01-26T01:24:56Z">
      <class name="PostNord.SharepointApp.MTU.AppTest">
        <test-method status="PASS" signature="testApp()" name="testApp" duration-ms="16" started-at="2017-01-26T01:24:56Z" finished-at="2017-01-26T01:24:56Z">
        </test-method>
      </class>
    </test>
  </suite>
</testng-results>
