<?xml version="1.0" encoding="UTF-8"?>
<!-- Generated by org.testng.reporters.JUnitXMLReporter -->
<testsuite ignored="0" hostname="DELL-PC" failures="0" tests="3" name="Orders" time="197.917" errors="0" timestamp="14 Sep 2019 11:38:12 GMT">
  <testcase classname="com.framework.dataDriven.flipkartOrders.Orders" name="orders" time="48.679"/>
  <testcase classname="com.framework.dataDriven.flipkartOrders.Orders" name="orders" time="68.783"/>
  <testcase classname="com.framework.dataDriven.flipkartOrders.Orders" name="orders" time="76.858"/>
</testsuite> <!-- Orders -->
