<?xml version="1.0" encoding="UTF-8"?>
<!-- Generated by org.testng.reporters.JUnitXMLReporter -->
<testsuite ignored="0" hostname="DELL-PC" failures="0" tests="3" name="Test 6" time="1.348" errors="0" timestamp="12 Sep 2019 10:56:42 GMT">
  <testcase classname="com.framework.dataDriven.suiteA.Test6" name="@AfterTest quitbrowser" time="0.002">
    <failure type="java.lang.NullPointerException">
      <![CDATA[java.lang.NullPointerException
at com.framework.dataDriven.TestBase.quitBrowser(TestBase.java:141)
at com.framework.dataDriven.suiteA.Test6.quitbrowser(Test6.java:54)
... Removed 25 stack frames]]>
    </failure>
  </testcase> <!-- @AfterTest quitbrowser -->
  <testcase classname="com.framework.dataDriven.suiteA.Test6" name="test6" time="0.123">
    <skipped/>
  </testcase> <!-- test6 -->
  <testcase classname="com.framework.dataDriven.suiteA.Test6" name="test6" time="0.142">
    <skipped/>
  </testcase> <!-- test6 -->
  <testcase classname="com.framework.dataDriven.suiteA.Test6" name="test6" time="0.231">
    <skipped/>
  </testcase> <!-- test6 -->
</testsuite> <!-- Test 6 -->
