<?xml version="1.0" encoding="UTF-8"?>
<!-- Generated by org.testng.reporters.JUnitXMLReporter -->
<testsuite ignored="0" hostname="DELL-PC" failures="0" tests="3" name="Shopping" time="243.216" errors="0" timestamp="14 Sep 2019 11:34:49 GMT">
  <testcase classname="com.framework.dataDriven.flipkartShopping.Shopping" name="shopping" time="110.507"/>
  <testcase classname="com.framework.dataDriven.flipkartShopping.Shopping" name="shopping" time="64.525"/>
  <testcase classname="com.framework.dataDriven.flipkartShopping.Shopping" name="shopping" time="66.344"/>
</testsuite> <!-- Shopping -->
